# JRE version: Java(TM) SE Runtime Environment (17.0.12+8) (build 17.0.12+8-LTS-286)
# Java VM: Java HotSpot(TM) 64-Bit Server VM (17.0.12+8-LTS-286, mixed mode, emulated-client, sharing, tiered, compressed oops, compressed class ptrs, g1 gc, windows-amd64)
GC Precious Log:
 CPUs: 12 total, 12 available
 Memory: 7528M
 Large Page Support: Disabled
 NUMA Support: Disabled
 Compressed Oops: Enabled (32-bit)
 Heap Region Size: 1M
 Heap Min Capacity: 8M
 Heap Initial Capacity: 118M
 Heap Max Capacity: 1884M
 Pre-touch: Disabled
 Parallel Workers: 10
 Concurrent Workers: 3
 Concurrent Refinement Workers: 10
 Periodic GC: Disabled
Heap:
 garbage-first heap   total 66560K, used 39274K [0x000000008a400000, 0x0000000100000000)
  region size 1024K, 11 young (11264K), 3 survivors (3072K)
 Metaspace       used 74035K, committed 74688K, reserved 1114112K
  class space    used 10344K, committed 10624K, reserved 1048576K
GC Heap History (20 events):
Event: 3.695 GC heap before
{Heap before GC invocations=6 (full 0):
 garbage-first heap   total 55296K, used 37586K [0x000000008a400000, 0x0000000100000000)
  region size 1024K, 22 young (22528K), 2 survivors (2048K)
 Metaspace       used 31180K, committed 31744K, reserved 1114112K
  class space    used 4339K, committed 4608K, reserved 1048576K
}
Event: 3.701 GC heap after
{Heap after GC invocations=7 (full 0):
 garbage-first heap   total 55296K, used 19242K [0x000000008a400000, 0x0000000100000000)
  region size 1024K, 2 young (2048K), 2 survivors (2048K)
 Metaspace       used 31180K, committed 31744K, reserved 1114112K
  class space    used 4339K, committed 4608K, reserved 1048576K
}
Event: 4.073 GC heap before
{Heap before GC invocations=7 (full 0):
 garbage-first heap   total 55296K, used 36650K [0x000000008a400000, 0x0000000100000000)
  region size 1024K, 20 young (20480K), 2 survivors (2048K)
 Metaspace       used 35492K, committed 35968K, reserved 1114112K
  class space    used 5078K, committed 5312K, reserved 1048576K
}
Event: 4.076 GC heap after
{Heap after GC invocations=8 (full 0):
 garbage-first heap   total 55296K, used 19924K [0x000000008a400000, 0x0000000100000000)
  region size 1024K, 2 young (2048K), 2 survivors (2048K)
 Metaspace       used 35492K, committed 35968K, reserved 1114112K
  class space    used 5078K, committed 5312K, reserved 1048576K
}
Event: 4.770 GC heap before
{Heap before GC invocations=9 (full 0):
 garbage-first heap   total 55296K, used 40404K [0x000000008a400000, 0x0000000100000000)
  region size 1024K, 23 young (23552K), 2 survivors (2048K)
 Metaspace       used 44306K, committed 44800K, reserved 1114112K
  class space    used 6189K, committed 6400K, reserved 1048576K
}
Event: 4.774 GC heap after
{Heap after GC invocations=10 (full 0):
 garbage-first heap   total 55296K, used 22404K [0x000000008a400000, 0x0000000100000000)
  region size 1024K, 3 young (3072K), 3 survivors (3072K)
 Metaspace       used 44306K, committed 44800K, reserved 1114112K
  class space    used 6189K, committed 6400K, reserved 1048576K
}
Event: 5.076 GC heap before
{Heap before GC invocations=10 (full 0):
 garbage-first heap   total 55296K, used 40836K [0x000000008a400000, 0x0000000100000000)
  region size 1024K, 22 young (22528K), 3 survivors (3072K)
 Metaspace       used 48025K, committed 48512K, reserved 1114112K
  class space    used 6678K, committed 6912K, reserved 1048576K
}
Event: 5.080 GC heap after
{Heap after GC invocations=11 (full 0):
 garbage-first heap   total 55296K, used 23582K [0x000000008a400000, 0x0000000100000000)
  region size 1024K, 2 young (2048K), 2 survivors (2048K)
 Metaspace       used 48025K, committed 48512K, reserved 1114112K
  class space    used 6678K, committed 6912K, reserved 1048576K
}
Event: 5.445 GC heap before
{Heap before GC invocations=11 (full 0):
 garbage-first heap   total 55296K, used 40990K [0x000000008a400000, 0x0000000100000000)
  region size 1024K, 20 young (20480K), 2 survivors (2048K)
 Metaspace       used 53241K, committed 53760K, reserved 1114112K
  class space    used 7573K, committed 7808K, reserved 1048576K
}
Event: 5.447 GC heap after
{Heap after GC invocations=12 (full 0):
 garbage-first heap   total 66560K, used 24214K [0x000000008a400000, 0x0000000100000000)
  region size 1024K, 2 young (2048K), 2 survivors (2048K)
 Metaspace       used 53241K, committed 53760K, reserved 1114112K
  class space    used 7573K, committed 7808K, reserved 1048576K
}
Event: 5.959 GC heap before
{Heap before GC invocations=12 (full 0):
 garbage-first heap   total 66560K, used 49814K [0x000000008a400000, 0x0000000100000000)
  region size 1024K, 28 young (28672K), 2 survivors (2048K)
 Metaspace       used 58709K, committed 59264K, reserved 1114112K
  class space    used 8328K, committed 8576K, reserved 1048576K
}
Event: 5.963 GC heap after
{Heap after GC invocations=13 (full 0):
 garbage-first heap   total 66560K, used 26032K [0x000000008a400000, 0x0000000100000000)
  region size 1024K, 4 young (4096K), 4 survivors (4096K)
 Metaspace       used 58709K, committed 59264K, reserved 1114112K
  class space    used 8328K, committed 8576K, reserved 1048576K
}
Event: 6.061 GC heap before
{Heap before GC invocations=13 (full 0):
 garbage-first heap   total 66560K, used 31152K [0x000000008a400000, 0x0000000100000000)
  region size 1024K, 11 young (11264K), 4 survivors (4096K)
 Metaspace       used 59648K, committed 60160K, reserved 1114112K
  class space    used 8473K, committed 8704K, reserved 1048576K
}
Event: 6.065 GC heap after
{Heap after GC invocations=14 (full 0):
 garbage-first heap   total 66560K, used 26803K [0x000000008a400000, 0x0000000100000000)
  region size 1024K, 3 young (3072K), 3 survivors (3072K)
 Metaspace       used 59648K, committed 60160K, reserved 1114112K
  class space    used 8473K, committed 8704K, reserved 1048576K
}
Event: 7.126 GC heap before
{Heap before GC invocations=15 (full 0):
 garbage-first heap   total 66560K, used 52403K [0x000000008a400000, 0x0000000100000000)
  region size 1024K, 28 young (28672K), 3 survivors (3072K)
 Metaspace       used 62654K, committed 63232K, reserved 1114112K
  class space    used 8954K, committed 9216K, reserved 1048576K
}
Event: 7.131 GC heap after
{Heap after GC invocations=16 (full 0):
 garbage-first heap   total 66560K, used 29414K [0x000000008a400000, 0x0000000100000000)
  region size 1024K, 4 young (4096K), 4 survivors (4096K)
 Metaspace       used 62654K, committed 63232K, reserved 1114112K
  class space    used 8954K, committed 9216K, reserved 1048576K
}
Event: 12.547 GC heap before
{Heap before GC invocations=16 (full 0):
 garbage-first heap   total 66560K, used 50918K [0x000000008a400000, 0x0000000100000000)
  region size 1024K, 26 young (26624K), 4 survivors (4096K)
 Metaspace       used 67298K, committed 67904K, reserved 1114112K
  class space    used 9621K, committed 9920K, reserved 1048576K
}
Event: 12.554 GC heap after
{Heap after GC invocations=17 (full 0):
 garbage-first heap   total 66560K, used 30938K [0x000000008a400000, 0x0000000100000000)
  region size 1024K, 2 young (2048K), 2 survivors (2048K)
 Metaspace       used 67298K, committed 67904K, reserved 1114112K
  class space    used 9621K, committed 9920K, reserved 1048576K
}
Event: 38.908 GC heap before
{Heap before GC invocations=17 (full 0):
 garbage-first heap   total 66560K, used 52442K [0x000000008a400000, 0x0000000100000000)
  region size 1024K, 23 young (23552K), 2 survivors (2048K)
 Metaspace       used 71463K, committed 72064K, reserved 1114112K
  class space    used 10202K, committed 10496K, reserved 1048576K
}
Event: 38.917 GC heap after
{Heap after GC invocations=18 (full 0):
 garbage-first heap   total 66560K, used 33130K [0x000000008a400000, 0x0000000100000000)
  region size 1024K, 3 young (3072K), 3 survivors (3072K)
 Metaspace       used 71463K, committed 72064K, reserved 1114112K
  class space    used 10202K, committed 10496K, reserved 1048576K
}

