# JRE version: Java(TM) SE Runtime Environment (17.0.12+8) (build 17.0.12+8-LTS-286)
# Java VM: Java HotSpot(TM) 64-Bit Server VM (17.0.12+8-LTS-286, mixed mode, emulated-client, sharing, tiered, compressed oops, compressed class ptrs, g1 gc, windows-amd64)
GC Precious Log:
 CPUs: 12 total, 12 available
 Memory: 7528M
 Large Page Support: Disabled
 NUMA Support: Disabled
 Compressed Oops: Enabled (32-bit)
 Heap Region Size: 1M
 Heap Min Capacity: 8M
 Heap Initial Capacity: 118M
 Heap Max Capacity: 1884M
 Pre-touch: Disabled
 Parallel Workers: 10
 Concurrent Workers: 3
 Concurrent Refinement Workers: 10
 Periodic GC: Disabled
Heap:
 garbage-first heap   total 61440K, used 33150K [0x000000008a400000, 0x0000000100000000)
  region size 1024K, 4 young (4096K), 3 survivors (3072K)
 Metaspace       used 74026K, committed 74624K, reserved 1114112K
  class space    used 10385K, committed 10624K, reserved 1048576K
GC Heap History (20 events):
Event: 3.065 GC heap before
{Heap before GC invocations=7 (full 0):
 garbage-first heap   total 51200K, used 36740K [0x000000008a400000, 0x0000000100000000)
  region size 1024K, 22 young (22528K), 3 survivors (3072K)
 Metaspace       used 30703K, committed 31232K, reserved 1114112K
  class space    used 4267K, committed 4544K, reserved 1048576K
}
Event: 3.068 GC heap after
{Heap after GC invocations=8 (full 0):
 garbage-first heap   total 51200K, used 19380K [0x000000008a400000, 0x0000000100000000)
  region size 1024K, 2 young (2048K), 2 survivors (2048K)
 Metaspace       used 30703K, committed 31232K, reserved 1114112K
  class space    used 4267K, committed 4544K, reserved 1048576K
}
Event: 3.373 GC heap before
{Heap before GC invocations=8 (full 0):
 garbage-first heap   total 51200K, used 37812K [0x000000008a400000, 0x0000000100000000)
  region size 1024K, 21 young (21504K), 2 survivors (2048K)
 Metaspace       used 35492K, committed 35968K, reserved 1114112K
  class space    used 5079K, committed 5312K, reserved 1048576K
}
Event: 3.377 GC heap after
{Heap after GC invocations=9 (full 0):
 garbage-first heap   total 61440K, used 20119K [0x000000008a400000, 0x0000000100000000)
  region size 1024K, 2 young (2048K), 2 survivors (2048K)
 Metaspace       used 35492K, committed 35968K, reserved 1114112K
  class space    used 5079K, committed 5312K, reserved 1048576K
}
Event: 3.968 GC heap before
{Heap before GC invocations=10 (full 0):
 garbage-first heap   total 61440K, used 46743K [0x000000008a400000, 0x0000000100000000)
  region size 1024K, 29 young (29696K), 2 survivors (2048K)
 Metaspace       used 45567K, committed 46080K, reserved 1114112K
  class space    used 6367K, committed 6592K, reserved 1048576K
}
Event: 3.972 GC heap after
{Heap after GC invocations=11 (full 0):
 garbage-first heap   total 61440K, used 22790K [0x000000008a400000, 0x0000000100000000)
  region size 1024K, 4 young (4096K), 4 survivors (4096K)
 Metaspace       used 45567K, committed 46080K, reserved 1114112K
  class space    used 6367K, committed 6592K, reserved 1048576K
}
Event: 4.318 GC heap before
{Heap before GC invocations=11 (full 0):
 garbage-first heap   total 61440K, used 46342K [0x000000008a400000, 0x0000000100000000)
  region size 1024K, 28 young (28672K), 4 survivors (4096K)
 Metaspace       used 51929K, committed 52416K, reserved 1114112K
  class space    used 7346K, committed 7552K, reserved 1048576K
}
Event: 4.322 GC heap after
{Heap after GC invocations=12 (full 0):
 garbage-first heap   total 61440K, used 24364K [0x000000008a400000, 0x0000000100000000)
  region size 1024K, 2 young (2048K), 2 survivors (2048K)
 Metaspace       used 51929K, committed 52416K, reserved 1114112K
  class space    used 7346K, committed 7552K, reserved 1048576K
}
Event: 4.710 GC heap before
{Heap before GC invocations=12 (full 0):
 garbage-first heap   total 61440K, used 47916K [0x000000008a400000, 0x0000000100000000)
  region size 1024K, 25 young (25600K), 2 survivors (2048K)
 Metaspace       used 56673K, committed 57216K, reserved 1114112K
  class space    used 8082K, committed 8320K, reserved 1048576K
}
Event: 4.713 GC heap after
{Heap after GC invocations=13 (full 0):
 garbage-first heap   total 61440K, used 25360K [0x000000008a400000, 0x0000000100000000)
  region size 1024K, 3 young (3072K), 3 survivors (3072K)
 Metaspace       used 56673K, committed 57216K, reserved 1114112K
  class space    used 8082K, committed 8320K, reserved 1048576K
}
Event: 4.944 GC heap before
{Heap before GC invocations=13 (full 0):
 garbage-first heap   total 61440K, used 39696K [0x000000008a400000, 0x0000000100000000)
  region size 1024K, 19 young (19456K), 3 survivors (3072K)
 Metaspace       used 59618K, committed 60160K, reserved 1114112K
  class space    used 8469K, committed 8704K, reserved 1048576K
}
Event: 4.949 GC heap after
{Heap after GC invocations=14 (full 0):
 garbage-first heap   total 61440K, used 26828K [0x000000008a400000, 0x0000000100000000)
  region size 1024K, 3 young (3072K), 3 survivors (3072K)
 Metaspace       used 59618K, committed 60160K, reserved 1114112K
  class space    used 8469K, committed 8704K, reserved 1048576K
}
Event: 5.691 GC heap before
{Heap before GC invocations=15 (full 0):
 garbage-first heap   total 61440K, used 49356K [0x000000008a400000, 0x0000000100000000)
  region size 1024K, 25 young (25600K), 3 survivors (3072K)
 Metaspace       used 62172K, committed 62784K, reserved 1114112K
  class space    used 8884K, committed 9152K, reserved 1048576K
}
Event: 5.696 GC heap after
{Heap after GC invocations=16 (full 0):
 garbage-first heap   total 61440K, used 29031K [0x000000008a400000, 0x0000000100000000)
  region size 1024K, 4 young (4096K), 4 survivors (4096K)
 Metaspace       used 62172K, committed 62784K, reserved 1114112K
  class space    used 8884K, committed 9152K, reserved 1048576K
}
Event: 16.046 GC heap before
{Heap before GC invocations=16 (full 0):
 garbage-first heap   total 61440K, used 48487K [0x000000008a400000, 0x0000000100000000)
  region size 1024K, 23 young (23552K), 4 survivors (4096K)
 Metaspace       used 65066K, committed 65664K, reserved 1114112K
  class space    used 9299K, committed 9600K, reserved 1048576K
}
Event: 16.054 GC heap after
{Heap after GC invocations=17 (full 0):
 garbage-first heap   total 61440K, used 30973K [0x000000008a400000, 0x0000000100000000)
  region size 1024K, 3 young (3072K), 3 survivors (3072K)
 Metaspace       used 65066K, committed 65664K, reserved 1114112K
  class space    used 9299K, committed 9600K, reserved 1048576K
}
Event: 16.411 GC heap before
{Heap before GC invocations=17 (full 0):
 garbage-first heap   total 61440K, used 47357K [0x000000008a400000, 0x0000000100000000)
  region size 1024K, 20 young (20480K), 3 survivors (3072K)
 Metaspace       used 69524K, committed 70144K, reserved 1114112K
  class space    used 9994K, committed 10240K, reserved 1048576K
}
Event: 16.415 GC heap after
{Heap after GC invocations=18 (full 0):
 garbage-first heap   total 61440K, used 31791K [0x000000008a400000, 0x0000000100000000)
  region size 1024K, 1 young (1024K), 1 survivors (1024K)
 Metaspace       used 69524K, committed 70144K, reserved 1114112K
  class space    used 9994K, committed 10240K, reserved 1048576K
}
Event: 17.733 GC heap before
{Heap before GC invocations=19 (full 0):
 garbage-first heap   total 61440K, used 48175K [0x000000008a400000, 0x0000000100000000)
  region size 1024K, 18 young (18432K), 1 survivors (1024K)
 Metaspace       used 73763K, committed 74368K, reserved 1114112K
  class space    used 10360K, committed 10624K, reserved 1048576K
}
Event: 17.736 GC heap after
{Heap after GC invocations=20 (full 0):
 garbage-first heap   total 61440K, used 33150K [0x000000008a400000, 0x0000000100000000)
  region size 1024K, 3 young (3072K), 3 survivors (3072K)
 Metaspace       used 73763K, committed 74368K, reserved 1114112K
  class space    used 10360K, committed 10624K, reserved 1048576K
}

